\BOOKMARK [1][-]{section.1}{Introduction}{}% 1
\BOOKMARK [2][-]{subsection.1.1}{Previous\040work\040on\040symmetries\040in\040causal\040inference}{section.1}% 2
\BOOKMARK [2][-]{subsection.1.2}{Outline}{section.1}% 3
\BOOKMARK [1][-]{section.2}{Technical\040Prerequisites}{}% 4
\BOOKMARK [2][-]{subsection.2.1}{Probability\040Theory}{section.2}% 5
\BOOKMARK [3][-]{subsubsection.2.1.1}{Measurable\040spaces}{subsection.2.1}% 6
\BOOKMARK [3][-]{subsubsection.2.1.2}{Probability\040measures\040and\040Markov\040kernels}{subsection.2.1}% 7
\BOOKMARK [3][-]{subsubsection.2.1.3}{Variables,\040conditionals\040and\040marginals}{subsection.2.1}% 8
\BOOKMARK [2][-]{subsection.2.2}{Decision\040models}{section.2}% 9
\BOOKMARK [2][-]{subsection.2.3}{Extended\040conditional\040independence}{section.2}% 10
\BOOKMARK [2][-]{subsection.2.4}{Directed\040graphs}{section.2}% 11
\BOOKMARK [1][-]{section.3}{Shared\040responses}{}% 12
\BOOKMARK [2][-]{subsection.3.1}{Response\040functions}{section.3}% 13
\BOOKMARK [2][-]{subsection.3.2}{Conditional\040probability\040symmetries}{section.3}% 14
\BOOKMARK [2][-]{subsection.3.3}{Representation}{section.3}% 15
\BOOKMARK [2][-]{subsection.3.4}{Preliminaries}{section.3}% 16
\BOOKMARK [2][-]{subsection.3.5}{Statement\040of\040the\040representation\040theorem}{section.3}% 17
\BOOKMARK [2][-]{subsection.3.6}{Does\040IO\040contractibility\040help?}{section.3}% 18
\BOOKMARK [1][-]{section.4}{Precedented\040options}{}% 19
\BOOKMARK [1][-]{section.5}{Diversity,\040causal\040discovery\040and\040the\040principle\040of\040independent\040causal\040mechanisms}{}% 20
\BOOKMARK [2][-]{subsubsection.5.0.1}{Connection\040to\040causal\040discovery}{section.5}% 21
\BOOKMARK [1][-]{section.6}{Conclusion}{}% 22
\BOOKMARK [1][-]{appendix.A}{String\040Diagrams}{}% 23
\BOOKMARK [2][-]{subsection.A.1}{Elements\040of\040string\040diagrams}{appendix.A}% 24
\BOOKMARK [2][-]{subsection.A.2}{Special\040maps}{appendix.A}% 25
\BOOKMARK [2][-]{subsection.A.3}{Commutative\040comonoid\040axioms}{appendix.A}% 26
\BOOKMARK [2][-]{subsection.A.4}{Manipulating\040String\040Diagrams}{appendix.A}% 27
\BOOKMARK [3][-]{subsubsection.A.4.1}{Examples}{subsection.A.4}% 28
\BOOKMARK [1][-]{appendix.B}{Symmetries\040of\040conditional\040probabilities}{}% 29
\BOOKMARK [2][-]{subsection.B.1}{Equality\040of\040equally\040sized\040contractions}{appendix.B}% 30
\BOOKMARK [2][-]{subsection.B.2}{Examples\040of\040symmetries}{appendix.B}% 31
\BOOKMARK [2][-]{subsection.B.3}{Representation}{appendix.B}% 32
\BOOKMARK [2][-]{subsection.B.4}{Representation\040theorem}{appendix.B}% 33
\BOOKMARK [2][-]{subsection.B.5}{Consequences\040of\040Theorem\0403.18}{appendix.B}% 34
\BOOKMARK [1][-]{appendix.C}{Precedented\040options}{}% 35
\BOOKMARK [2][-]{subsection.C.1}{IO\040contractibility\040from\040diverse\040precedent}{appendix.C}% 36
\BOOKMARK [2][-]{subsection.C.2}{Diverse\040precedent\040from\040independent\040causal\040mechanisms}{appendix.C}% 37
